#! /usr/local/bin/vvp
:ivl_version "13.0 (devel)" "(s20221226-106-g378c812fe)";
:ivl_delay_selection "TYPICAL";
:vpi_time_precision + 0;
:vpi_module "/usr/local/lib/ivl/system.vpi";
:vpi_module "/usr/local/lib/ivl/vhdl_sys.vpi";
:vpi_module "/usr/local/lib/ivl/vhdl_textio.vpi";
:vpi_module "/usr/local/lib/ivl/v2005_math.vpi";
:vpi_module "/usr/local/lib/ivl/va_math.vpi";
S_0x557aaf965090 .scope module, "d_ff_negedge_tb" "d_ff_negedge_tb" 2 3;
 .timescale 0 0;
v0x557aaf98f540_0 .var "clk", 0 0;
v0x557aaf98f600_0 .var "d", 0 0;
v0x557aaf98f6c0_0 .net "q", 0 0, L_0x557aaf991340;  1 drivers
v0x557aaf98f7f0_0 .net "q_neg", 0 0, L_0x557aaf9914f0;  1 drivers
S_0x557aaf964c20 .scope module, "uut" "d_ff_negedge" 2 6, 3 34 0, S_0x557aaf965090;
 .timescale 0 0;
    .port_info 0 /INPUT 1 "d";
    .port_info 1 /INPUT 1 "clk";
    .port_info 2 /OUTPUT 1 "q";
    .port_info 3 /OUTPUT 1 "q_neg";
L_0x557aaf991580 .functor NOT 1, v0x557aaf98f540_0, C4<0>, C4<0>, C4<0>;
v0x557aaf98f100_0 .net "clk", 0 0, v0x557aaf98f540_0;  1 drivers
v0x557aaf98f1c0_0 .net "d", 0 0, v0x557aaf98f600_0;  1 drivers
v0x557aaf98f2d0_0 .net "d_middle", 0 0, L_0x557aaf990c30;  1 drivers
v0x557aaf98f370_0 .net "q", 0 0, L_0x557aaf991340;  alias, 1 drivers
v0x557aaf98f410_0 .net "q_neg", 0 0, L_0x557aaf9914f0;  alias, 1 drivers
S_0x557aaf9640d0 .scope module, "dl1" "d_latch" 3 41, 3 21 0, S_0x557aaf964c20;
 .timescale 0 0;
    .port_info 0 /INPUT 1 "d";
    .port_info 1 /INPUT 1 "e";
    .port_info 2 /OUTPUT 1 "q";
    .port_info 3 /OUTPUT 1 "q_neg";
L_0x557aaf990a10 .functor NOT 1, v0x557aaf98f600_0, C4<0>, C4<0>, C4<0>;
v0x557aaf98cbf0_0 .net "d", 0 0, v0x557aaf98f600_0;  alias, 1 drivers
v0x557aaf98ccc0_0 .net "e", 0 0, v0x557aaf98f540_0;  alias, 1 drivers
v0x557aaf98cdb0_0 .net "q", 0 0, L_0x557aaf990c30;  alias, 1 drivers
v0x557aaf98cea0_0 .net "q_neg", 0 0, L_0x557aaf990de0;  1 drivers
v0x557aaf98cf90_0 .net "r_neg", 0 0, L_0x557aaf990950;  1 drivers
v0x557aaf98d0d0_0 .net "s_neg", 0 0, L_0x557aaf990830;  1 drivers
S_0x557aaf960570 .scope module, "n1" "NAND" 3 28, 3 2 0, S_0x557aaf9640d0;
 .timescale 0 0;
    .port_info 0 /INPUT 1 "a";
    .port_info 1 /INPUT 1 "b";
    .port_info 2 /OUTPUT 1 "out";
L_0x557aaf990710 .functor AND 1, v0x557aaf98f600_0, v0x557aaf98f540_0, C4<1>, C4<1>;
L_0x557aaf990830 .functor NOT 1, L_0x557aaf990710, C4<0>, C4<0>, C4<0>;
v0x557aaf96c3a0_0 .net *"_ivl_0", 0 0, L_0x557aaf990710;  1 drivers
v0x557aaf98b7a0_0 .net "a", 0 0, v0x557aaf98f600_0;  alias, 1 drivers
v0x557aaf98b860_0 .net "b", 0 0, v0x557aaf98f540_0;  alias, 1 drivers
v0x557aaf98b900_0 .net "out", 0 0, L_0x557aaf990830;  alias, 1 drivers
S_0x557aaf98ba40 .scope module, "n2" "NAND" 3 29, 3 2 0, S_0x557aaf9640d0;
 .timescale 0 0;
    .port_info 0 /INPUT 1 "a";
    .port_info 1 /INPUT 1 "b";
    .port_info 2 /OUTPUT 1 "out";
L_0x557aaf9908c0 .functor AND 1, L_0x557aaf990a10, v0x557aaf98f540_0, C4<1>, C4<1>;
L_0x557aaf990950 .functor NOT 1, L_0x557aaf9908c0, C4<0>, C4<0>, C4<0>;
v0x557aaf98bc70_0 .net *"_ivl_0", 0 0, L_0x557aaf9908c0;  1 drivers
v0x557aaf98bd70_0 .net "a", 0 0, L_0x557aaf990a10;  1 drivers
v0x557aaf98be30_0 .net "b", 0 0, v0x557aaf98f540_0;  alias, 1 drivers
v0x557aaf98bf00_0 .net "out", 0 0, L_0x557aaf990950;  alias, 1 drivers
S_0x557aaf98c000 .scope module, "n3" "NAND" 3 30, 3 2 0, S_0x557aaf9640d0;
 .timescale 0 0;
    .port_info 0 /INPUT 1 "a";
    .port_info 1 /INPUT 1 "b";
    .port_info 2 /OUTPUT 1 "out";
L_0x557aaf990b10 .functor AND 1, L_0x557aaf990830, L_0x557aaf990de0, C4<1>, C4<1>;
L_0x557aaf990c30 .functor NOT 1, L_0x557aaf990b10, C4<0>, C4<0>, C4<0>;
v0x557aaf98c260_0 .net *"_ivl_0", 0 0, L_0x557aaf990b10;  1 drivers
v0x557aaf98c340_0 .net "a", 0 0, L_0x557aaf990830;  alias, 1 drivers
v0x557aaf98c430_0 .net "b", 0 0, L_0x557aaf990de0;  alias, 1 drivers
v0x557aaf98c500_0 .net "out", 0 0, L_0x557aaf990c30;  alias, 1 drivers
S_0x557aaf98c600 .scope module, "n4" "NAND" 3 31, 3 2 0, S_0x557aaf9640d0;
 .timescale 0 0;
    .port_info 0 /INPUT 1 "a";
    .port_info 1 /INPUT 1 "b";
    .port_info 2 /OUTPUT 1 "out";
L_0x557aaf990cc0 .functor AND 1, L_0x557aaf990950, L_0x557aaf990c30, C4<1>, C4<1>;
L_0x557aaf990de0 .functor NOT 1, L_0x557aaf990cc0, C4<0>, C4<0>, C4<0>;
v0x557aaf98c830_0 .net *"_ivl_0", 0 0, L_0x557aaf990cc0;  1 drivers
v0x557aaf98c930_0 .net "a", 0 0, L_0x557aaf990950;  alias, 1 drivers
v0x557aaf98ca20_0 .net "b", 0 0, L_0x557aaf990c30;  alias, 1 drivers
v0x557aaf98cb20_0 .net "out", 0 0, L_0x557aaf990de0;  alias, 1 drivers
S_0x557aaf98d1e0 .scope module, "dl2" "d_latch" 3 42, 3 21 0, S_0x557aaf964c20;
 .timescale 0 0;
    .port_info 0 /INPUT 1 "d";
    .port_info 1 /INPUT 1 "e";
    .port_info 2 /OUTPUT 1 "q";
    .port_info 3 /OUTPUT 1 "q_neg";
L_0x557aaf991120 .functor NOT 1, L_0x557aaf990c30, C4<0>, C4<0>, C4<0>;
v0x557aaf98eb70_0 .net "d", 0 0, L_0x557aaf990c30;  alias, 1 drivers
v0x557aaf98ec10_0 .net "e", 0 0, L_0x557aaf991580;  1 drivers
v0x557aaf98ecb0_0 .net "q", 0 0, L_0x557aaf991340;  alias, 1 drivers
v0x557aaf98eda0_0 .net "q_neg", 0 0, L_0x557aaf9914f0;  alias, 1 drivers
v0x557aaf98ee90_0 .net "r_neg", 0 0, L_0x557aaf9910b0;  1 drivers
v0x557aaf98efd0_0 .net "s_neg", 0 0, L_0x557aaf990f90;  1 drivers
S_0x557aaf98d450 .scope module, "n1" "NAND" 3 28, 3 2 0, S_0x557aaf98d1e0;
 .timescale 0 0;
    .port_info 0 /INPUT 1 "a";
    .port_info 1 /INPUT 1 "b";
    .port_info 2 /OUTPUT 1 "out";
L_0x557aaf990f00 .functor AND 1, L_0x557aaf990c30, L_0x557aaf991580, C4<1>, C4<1>;
L_0x557aaf990f90 .functor NOT 1, L_0x557aaf990f00, C4<0>, C4<0>, C4<0>;
v0x557aaf98d6a0_0 .net *"_ivl_0", 0 0, L_0x557aaf990f00;  1 drivers
v0x557aaf98d7a0_0 .net "a", 0 0, L_0x557aaf990c30;  alias, 1 drivers
v0x557aaf98d860_0 .net "b", 0 0, L_0x557aaf991580;  alias, 1 drivers
v0x557aaf98d900_0 .net "out", 0 0, L_0x557aaf990f90;  alias, 1 drivers
S_0x557aaf98da20 .scope module, "n2" "NAND" 3 29, 3 2 0, S_0x557aaf98d1e0;
 .timescale 0 0;
    .port_info 0 /INPUT 1 "a";
    .port_info 1 /INPUT 1 "b";
    .port_info 2 /OUTPUT 1 "out";
L_0x557aaf991020 .functor AND 1, L_0x557aaf991120, L_0x557aaf991580, C4<1>, C4<1>;
L_0x557aaf9910b0 .functor NOT 1, L_0x557aaf991020, C4<0>, C4<0>, C4<0>;
v0x557aaf98dc50_0 .net *"_ivl_0", 0 0, L_0x557aaf991020;  1 drivers
v0x557aaf98dd50_0 .net "a", 0 0, L_0x557aaf991120;  1 drivers
v0x557aaf98de10_0 .net "b", 0 0, L_0x557aaf991580;  alias, 1 drivers
v0x557aaf98deb0_0 .net "out", 0 0, L_0x557aaf9910b0;  alias, 1 drivers
S_0x557aaf98dfb0 .scope module, "n3" "NAND" 3 30, 3 2 0, S_0x557aaf98d1e0;
 .timescale 0 0;
    .port_info 0 /INPUT 1 "a";
    .port_info 1 /INPUT 1 "b";
    .port_info 2 /OUTPUT 1 "out";
L_0x557aaf991220 .functor AND 1, L_0x557aaf990f90, L_0x557aaf9914f0, C4<1>, C4<1>;
L_0x557aaf991340 .functor NOT 1, L_0x557aaf991220, C4<0>, C4<0>, C4<0>;
v0x557aaf98e1e0_0 .net *"_ivl_0", 0 0, L_0x557aaf991220;  1 drivers
v0x557aaf98e2c0_0 .net "a", 0 0, L_0x557aaf990f90;  alias, 1 drivers
v0x557aaf98e3b0_0 .net "b", 0 0, L_0x557aaf9914f0;  alias, 1 drivers
v0x557aaf98e480_0 .net "out", 0 0, L_0x557aaf991340;  alias, 1 drivers
S_0x557aaf98e580 .scope module, "n4" "NAND" 3 31, 3 2 0, S_0x557aaf98d1e0;
 .timescale 0 0;
    .port_info 0 /INPUT 1 "a";
    .port_info 1 /INPUT 1 "b";
    .port_info 2 /OUTPUT 1 "out";
L_0x557aaf9913d0 .functor AND 1, L_0x557aaf9910b0, L_0x557aaf991340, C4<1>, C4<1>;
L_0x557aaf9914f0 .functor NOT 1, L_0x557aaf9913d0, C4<0>, C4<0>, C4<0>;
v0x557aaf98e7b0_0 .net *"_ivl_0", 0 0, L_0x557aaf9913d0;  1 drivers
v0x557aaf98e8b0_0 .net "a", 0 0, L_0x557aaf9910b0;  alias, 1 drivers
v0x557aaf98e9a0_0 .net "b", 0 0, L_0x557aaf991340;  alias, 1 drivers
v0x557aaf98eaa0_0 .net "out", 0 0, L_0x557aaf9914f0;  alias, 1 drivers
S_0x557aaf964540 .scope module, "sr_latch" "sr_latch" 3 10;
 .timescale 0 0;
    .port_info 0 /INPUT 1 "s";
    .port_info 1 /INPUT 1 "r";
    .port_info 2 /OUTPUT 1 "q";
    .port_info 3 /OUTPUT 1 "q_neg";
o0x7f3ad26d9d38 .functor BUFZ 1, C4<z>; HiZ drive
L_0x557aaf991780 .functor NOT 1, o0x7f3ad26d9d38, C4<0>, C4<0>, C4<0>;
o0x7f3ad26d9d08 .functor BUFZ 1, C4<z>; HiZ drive
L_0x557aaf991ab0 .functor NOT 1, o0x7f3ad26d9d08, C4<0>, C4<0>, C4<0>;
v0x557aaf990350_0 .net "q", 0 0, L_0x557aaf9916c0;  1 drivers
v0x557aaf990440_0 .net "q_neg", 0 0, L_0x557aaf9919b0;  1 drivers
v0x557aaf990550_0 .net "r", 0 0, o0x7f3ad26d9d08;  0 drivers
v0x557aaf9905f0_0 .net "s", 0 0, o0x7f3ad26d9d38;  0 drivers
S_0x557aaf98f920 .scope module, "n1" "NAND" 3 16, 3 2 0, S_0x557aaf964540;
 .timescale 0 0;
    .port_info 0 /INPUT 1 "a";
    .port_info 1 /INPUT 1 "b";
    .port_info 2 /OUTPUT 1 "out";
L_0x557aaf991630 .functor AND 1, L_0x557aaf991780, L_0x557aaf9919b0, C4<1>, C4<1>;
L_0x557aaf9916c0 .functor NOT 1, L_0x557aaf991630, C4<0>, C4<0>, C4<0>;
v0x557aaf98fab0_0 .net *"_ivl_0", 0 0, L_0x557aaf991630;  1 drivers
v0x557aaf98fbb0_0 .net "a", 0 0, L_0x557aaf991780;  1 drivers
v0x557aaf98fc70_0 .net "b", 0 0, L_0x557aaf9919b0;  alias, 1 drivers
v0x557aaf98fd10_0 .net "out", 0 0, L_0x557aaf9916c0;  alias, 1 drivers
S_0x557aaf98fe50 .scope module, "n2" "NAND" 3 17, 3 2 0, S_0x557aaf964540;
 .timescale 0 0;
    .port_info 0 /INPUT 1 "a";
    .port_info 1 /INPUT 1 "b";
    .port_info 2 /OUTPUT 1 "out";
L_0x557aaf991860 .functor AND 1, L_0x557aaf991ab0, L_0x557aaf9916c0, C4<1>, C4<1>;
L_0x557aaf9919b0 .functor NOT 1, L_0x557aaf991860, C4<0>, C4<0>, C4<0>;
v0x557aaf990030_0 .net *"_ivl_0", 0 0, L_0x557aaf991860;  1 drivers
v0x557aaf990130_0 .net "a", 0 0, L_0x557aaf991ab0;  1 drivers
v0x557aaf9901f0_0 .net "b", 0 0, L_0x557aaf9916c0;  alias, 1 drivers
v0x557aaf990290_0 .net "out", 0 0, L_0x557aaf9919b0;  alias, 1 drivers
    .scope S_0x557aaf965090;
T_0 ;
    %pushi/vec4 7, 0, 32;
T_0.0 %dup/vec4;
    %pushi/vec4 0, 0, 32;
    %cmp/s;
    %jmp/1xz T_0.1, 5;
    %jmp/1 T_0.1, 4;
    %pushi/vec4 1, 0, 32;
    %sub;
    %delay 5, 0;
    %load/vec4 v0x557aaf98f540_0;
    %inv;
    %store/vec4 v0x557aaf98f540_0, 0, 1;
    %jmp T_0.0;
T_0.1 ;
    %pop/vec4 1;
    %end;
    .thread T_0;
    .scope S_0x557aaf965090;
T_1 ;
    %vpi_call 2 11 "$display", "Testing negative edge triggered D flip-flop..." {0 0 0};
    %vpi_call 2 12 "$display", "d clk | q q_neg" {0 0 0};
    %vpi_call 2 13 "$monitor", "%b    %b | %b   %b", v0x557aaf98f600_0, v0x557aaf98f540_0, v0x557aaf98f6c0_0, v0x557aaf98f7f0_0 {0 0 0};
    %pushi/vec4 1, 0, 1;
    %store/vec4 v0x557aaf98f540_0, 0, 1;
    %pushi/vec4 1, 0, 1;
    %store/vec4 v0x557aaf98f600_0, 0, 1;
    %delay 10, 0;
    %pushi/vec4 0, 0, 1;
    %store/vec4 v0x557aaf98f600_0, 0, 1;
    %delay 10, 0;
    %pushi/vec4 1, 0, 1;
    %store/vec4 v0x557aaf98f600_0, 0, 1;
    %delay 10, 0;
    %pushi/vec4 0, 0, 1;
    %store/vec4 v0x557aaf98f600_0, 0, 1;
    %end;
    .thread T_1;
# The file index is used to find the file name in the following table.
:file_names 4;
    "N/A";
    "<interactive>";
    "d_ff_negedge_tb.v";
    "./part_1_3_6.v";
